<?xml version="1.0" encoding="UTF-8"?>
<testsuite name="com.omok.presentation.ui.icons.IconRendererTest" tests="3" skipped="0" failures="0" errors="0" timestamp="2025-06-26T12:58:04" hostname="DESKTOP-C82GKIE" time="0.422">
  <properties/>
  <testcase name="testAllIconsRenderWithoutError()" classname="com.omok.presentation.ui.icons.IconRendererTest" time="0.392"/>
  <testcase name="testIconLoaderWithCaching()" classname="com.omok.presentation.ui.icons.IconRendererTest" time="0.023"/>
  <testcase name="testDifferentSizes()" classname="com.omok.presentation.ui.icons.IconRendererTest" time="0.004"/>
  <system-out><![CDATA[]]></system-out>
  <system-err><![CDATA[]]></system-err>
</testsuite>
